2025-04-14 22:44:35 - [32minfo[39m: Creating configuration file...
2025-04-14 22:44:35 - [32minfo[39m: Adding new script(s) in package.json...
2025-04-14 22:44:35 - [32minfo[39m: Setup completed
2025-04-14 22:55:59 - [32minfo[39m: Running SDK with args C:\nvm4w\nodejs\node.exe D:\Courses\AUTOMATION_COURSES\lesson19\node_modules\browserstack-node-sdk\src\bin\runner.js playwright test
2025-04-14 22:55:59 - [32minfo[39m: Reading configs from D:\Courses\AUTOMATION_COURSES\lesson19\browserstack.yml
2025-04-14 22:55:59 - [32minfo[39m: SDK run started with id: 39cf4196-900e-48f6-a18c-b6d7437bf44f
2025-04-14 22:55:59 - [32minfo[39m: Project and debug logs are captured by default. To disable, set disableAutoCaptureLogs: true in config.
2025-04-14 22:56:04 - [32minfo[39m: Local binary started successfully
2025-04-14 22:56:06 - [32minfo[39m: Testhub started with id: vcyptgxlbtofnjc5mk523aubkcqo5vditebxyptt
2025-04-14 23:05:50 - [32minfo[39m: Shutdown triggered by SIGINT
2025-04-14 23:06:03 - [32minfo[39m: Visit https://observability.browserstack.com/builds/vcyptgxlbtofnjc5mk523aubkcqo5vditebxyptt to view build report, insights, and many more debugging information all at one place!

2025-04-14 23:06:03 - [32minfo[39m: View build on BrowserStack dashboard: https://automate.browserstack.com/dashboard/v2/builds/0970630048be1f0b2f1236c1c834fe980ca99e54
2025-04-14 23:06:03 - [32minfo[39m: SDK run ended for id: 39cf4196-900e-48f6-a18c-b6d7437bf44f, testhub id: vcyptgxlbtofnjc5mk523aubkcqo5vditebxyptt
2025-04-14 23:06:05 - [32minfo[39m: Deleting D:\Courses\AUTOMATION_COURSES\lesson19\playwright-browserstack-sdk.config.ts
2025-04-14 23:06:09 - [32minfo[39m: Local binary stopped
2025-04-14 23:06:19 - [32minfo[39m: Running SDK with args C:\nvm4w\nodejs\node.exe D:\Courses\AUTOMATION_COURSES\lesson19\node_modules\browserstack-node-sdk\src\bin\runner.js playwright test
2025-04-14 23:06:19 - [32minfo[39m: Reading configs from D:\Courses\AUTOMATION_COURSES\lesson19\browserstack.yml
2025-04-14 23:06:19 - [32minfo[39m: SDK run started with id: 962d005f-d4fa-4c21-8069-a78cd196769e
2025-04-14 23:06:20 - [32minfo[39m: Testhub started with id: uv7tygzdbvbebwhkbdcupitp8r6a9ruuychcwv1q
2025-04-14 23:07:42 - [32minfo[39m: Running SDK with args C:\nvm4w\nodejs\node.exe D:\Courses\AUTOMATION_COURSES\lesson19\node_modules\browserstack-node-sdk\src\bin\runner.js playwright test
2025-04-14 23:07:42 - [32minfo[39m: Reading configs from D:\Courses\AUTOMATION_COURSES\lesson19\browserstack.yml
2025-04-14 23:07:42 - [32minfo[39m: SDK run started with id: 2fa92aec-99c8-4600-a595-845ce5a7df4e
2025-04-14 23:07:44 - [32minfo[39m: Testhub started with id: yrtxj84qzrcm1enypa8wg4xwnle0z4nqriiwzprg
2025-04-14 23:10:16 - [32minfo[39m: Running SDK with args C:\nvm4w\nodejs\node.exe D:\Courses\AUTOMATION_COURSES\lesson19\node_modules\browserstack-node-sdk\src\bin\runner.js playwright test
2025-04-14 23:10:16 - [32minfo[39m: Reading configs from D:\Courses\AUTOMATION_COURSES\lesson19\browserstack.yml
2025-04-14 23:10:16 - [32minfo[39m: SDK run started with id: 48a215dc-eae6-49d6-81fa-0fb84a064aee
2025-04-14 23:10:18 - [32minfo[39m: Testhub started with id: iivnmcy6ugi7cjyipgxhuh6fttres3qadkjqzhlj
2025-04-14 23:11:49 - [32minfo[39m: Running SDK with args C:\nvm4w\nodejs\node.exe D:\Courses\AUTOMATION_COURSES\lesson19\node_modules\browserstack-node-sdk\src\bin\runner.js playwright test
2025-04-14 23:11:49 - [32minfo[39m: Reading configs from D:\Courses\AUTOMATION_COURSES\lesson19\browserstack.yml
2025-04-14 23:11:49 - [32minfo[39m: SDK run started with id: c5dba37c-5692-4d13-824d-54166524ebe3
2025-04-14 23:11:51 - [32minfo[39m: Testhub started with id: a9ahitcojj4znplhdpnavwdg1oninh5qazleelly
2025-04-14 23:16:43 - [32minfo[39m: Running SDK with args C:\nvm4w\nodejs\node.exe D:\Courses\AUTOMATION_COURSES\lesson19\node_modules\browserstack-node-sdk\src\bin\runner.js playwright test
2025-04-14 23:16:43 - [32minfo[39m: Reading configs from D:\Courses\AUTOMATION_COURSES\lesson19\browserstack.yml
2025-04-14 23:16:43 - [32minfo[39m: SDK run started with id: 544e0007-f7ee-41d0-a9bf-fa3973ab2dd5
2025-04-14 23:16:44 - [32minfo[39m: Testhub started with id: t5nd9scrhygqdtpov2a36wkorwlu9cvij2gavrbc
2025-04-14 23:16:54 - [32minfo[39m: Visit https://observability.browserstack.com/builds/t5nd9scrhygqdtpov2a36wkorwlu9cvij2gavrbc to view build report, insights, and many more debugging information all at one place!

2025-04-14 23:16:55 - [32minfo[39m: SDK run ended for id: 544e0007-f7ee-41d0-a9bf-fa3973ab2dd5, testhub id: t5nd9scrhygqdtpov2a36wkorwlu9cvij2gavrbc
2025-04-14 23:16:56 - [32minfo[39m: Deleting D:\Courses\AUTOMATION_COURSES\lesson19\playwright-browserstack-sdk.config.ts
2025-04-14 23:17:52 - [32minfo[39m: Running SDK with args C:\nvm4w\nodejs\node.exe D:\Courses\AUTOMATION_COURSES\lesson19\node_modules\browserstack-node-sdk\src\bin\runner.js playwright test
2025-04-14 23:17:52 - [32minfo[39m: Reading configs from D:\Courses\AUTOMATION_COURSES\lesson19\browserstack.yml
2025-04-14 23:17:52 - [32minfo[39m: SDK run started with id: 2794d14a-d46d-4b78-b99e-1f4f9a20cb73
2025-04-14 23:17:54 - [32minfo[39m: Testhub started with id: yt8mo8xjikavsoqs5vfnyrnjr41z2ws45fioprhl
2025-04-14 23:18:11 - [32minfo[39m: Visit https://observability.browserstack.com/builds/yt8mo8xjikavsoqs5vfnyrnjr41z2ws45fioprhl to view build report, insights, and many more debugging information all at one place!

2025-04-14 23:18:12 - [32minfo[39m: SDK run ended for id: 2794d14a-d46d-4b78-b99e-1f4f9a20cb73, testhub id: yt8mo8xjikavsoqs5vfnyrnjr41z2ws45fioprhl
2025-04-14 23:18:13 - [32minfo[39m: Deleting D:\Courses\AUTOMATION_COURSES\lesson19\playwright-browserstack-sdk.config.ts
2025-04-14 23:19:20 - [32minfo[39m: Running SDK with args C:\nvm4w\nodejs\node.exe D:\Courses\AUTOMATION_COURSES\lesson19\node_modules\browserstack-node-sdk\src\bin\runner.js playwright test
2025-04-14 23:19:20 - [32minfo[39m: Reading configs from D:\Courses\AUTOMATION_COURSES\lesson19\browserstack.yml
2025-04-14 23:19:20 - [32minfo[39m: SDK run started with id: fbb2194c-0a14-4ef7-b1ee-4d195dd92019
2025-04-14 23:19:22 - [32minfo[39m: Testhub started with id: ubkbfdtksccfoslmqo83qhwlzgzmskin7sycu5ec
2025-04-14 23:19:31 - [32minfo[39m: Visit https://observability.browserstack.com/builds/ubkbfdtksccfoslmqo83qhwlzgzmskin7sycu5ec to view build report, insights, and many more debugging information all at one place!

2025-04-14 23:19:32 - [32minfo[39m: SDK run ended for id: fbb2194c-0a14-4ef7-b1ee-4d195dd92019, testhub id: ubkbfdtksccfoslmqo83qhwlzgzmskin7sycu5ec
2025-04-14 23:19:33 - [32minfo[39m: Deleting D:\Courses\AUTOMATION_COURSES\lesson19\playwright-browserstack-sdk.config.ts
2025-04-14 23:20:38 - [32minfo[39m: Creating configuration file...
2025-04-14 23:20:38 - [32minfo[39m: Setup completed
2025-04-14 23:21:22 - [32minfo[39m: Running SDK with args C:\nvm4w\nodejs\node.exe D:\Courses\AUTOMATION_COURSES\lesson19\node_modules\browserstack-node-sdk\src\bin\runner.js playwright test
2025-04-14 23:21:22 - [32minfo[39m: Reading configs from D:\Courses\AUTOMATION_COURSES\lesson19\browserstack.yml
2025-04-14 23:21:22 - [32minfo[39m: SDK run started with id: 92e1a08e-c773-425c-9d2b-b9d48a09ea17
2025-04-14 23:21:22 - [32minfo[39m: Project and debug logs are captured by default. To disable, set disableAutoCaptureLogs: true in config.
2025-04-14 23:21:25 - [32minfo[39m: Local binary started successfully
2025-04-14 23:21:26 - [32minfo[39m: Testhub started with id: 1f4gu6nht9xtjuv0hp539wyshr7ydq9mthh457od
2025-04-14 23:21:41 - [32minfo[39m: Visit https://observability.browserstack.com/builds/1f4gu6nht9xtjuv0hp539wyshr7ydq9mthh457od to view build report, insights, and many more debugging information all at one place!

2025-04-14 23:21:42 - [32minfo[39m: SDK run ended for id: 92e1a08e-c773-425c-9d2b-b9d48a09ea17, testhub id: 1f4gu6nht9xtjuv0hp539wyshr7ydq9mthh457od
2025-04-14 23:21:43 - [32minfo[39m: Deleting D:\Courses\AUTOMATION_COURSES\lesson19\playwright-browserstack-sdk.config.ts
2025-04-14 23:21:45 - [32minfo[39m: Local binary stopped
2025-04-14 23:23:47 - [32minfo[39m: Running SDK with args C:\nvm4w\nodejs\node.exe D:\Courses\AUTOMATION_COURSES\lesson19\node_modules\browserstack-node-sdk\src\bin\runner.js playwright test
2025-04-14 23:23:47 - [32minfo[39m: Reading configs from D:\Courses\AUTOMATION_COURSES\lesson19\browserstack.yml
2025-04-14 23:23:47 - [32minfo[39m: SDK run started with id: c7557beb-a293-4046-bd25-8d2d6c81e910
2025-04-14 23:23:48 - [32minfo[39m: Testhub started with id: v0tazs6d7rlounlodsrhqu2hmokdqc2ou68fralh
2025-04-14 23:23:58 - [32minfo[39m: Visit https://observability.browserstack.com/builds/v0tazs6d7rlounlodsrhqu2hmokdqc2ou68fralh to view build report, insights, and many more debugging information all at one place!

2025-04-14 23:23:58 - [32minfo[39m: SDK run ended for id: c7557beb-a293-4046-bd25-8d2d6c81e910, testhub id: v0tazs6d7rlounlodsrhqu2hmokdqc2ou68fralh
2025-04-14 23:23:59 - [32minfo[39m: Deleting D:\Courses\AUTOMATION_COURSES\lesson19\playwright-browserstack-sdk.config.ts
